0 verbose cli [
0 verbose cli   '/home/nkully/.nvm/versions/node/v12.22.4/bin/node',
0 verbose cli   '/home/nkully/.nvm/versions/node/v12.22.4/bin/npm',
0 verbose cli   'install',
0 verbose cli   'mysqljs/mysql'
0 verbose cli ]
1 info using npm@7.20.3
2 info using node@v12.22.4
3 timing npm:load:whichnode Completed in 0ms
4 timing config:load:defaults Completed in 3ms
5 timing config:load:file:/home/nkully/.nvm/versions/node/v12.22.4/lib/node_modules/npm/npmrc Completed in 2ms
6 timing config:load:builtin Completed in 2ms
7 timing config:load:cli Completed in 1ms
8 timing config:load:env Completed in 0ms
9 timing config:load:file:/home/nkully/projects/greetings-webapp/.npmrc Completed in 1ms
10 timing config:load:project Completed in 1ms
11 timing config:load:file:/home/nkully/.npmrc Completed in 0ms
12 timing config:load:user Completed in 0ms
13 timing config:load:file:/home/nkully/.nvm/versions/node/v12.22.4/etc/npmrc Completed in 0ms
14 timing config:load:global Completed in 0ms
15 timing config:load:validate Completed in 1ms
16 timing config:load:credentials Completed in 0ms
17 timing config:load:setEnvs Completed in 1ms
18 timing config:load Completed in 9ms
19 timing npm:load:configload Completed in 9ms
20 timing npm:load:setTitle Completed in 0ms
21 timing npm:load:setupLog Completed in 0ms
22 timing config:load:flatten Completed in 1ms
23 timing npm:load:cleanupLog Completed in 2ms
24 timing npm:load:configScope Completed in 0ms
25 timing npm:load:projectScope Completed in 0ms
26 timing npm:load Completed in 13ms
27 timing arborist:ctor Completed in 0ms
28 timing idealTree:init Completed in 86ms
29 timing arborist:ctor Completed in 0ms
30 timing idealTree Completed in 34870ms
31 timing command:install Completed in 34879ms
32 verbose stack Error: An unknown git error occurred
32 verbose stack     at makeError (/home/nkully/.nvm/versions/node/v12.22.4/lib/node_modules/npm/node_modules/@npmcli/git/lib/make-error.js:28:13)
32 verbose stack     at /home/nkully/.nvm/versions/node/v12.22.4/lib/node_modules/npm/node_modules/@npmcli/git/lib/spawn.js:36:26
32 verbose stack     at processTicksAndRejections (internal/process/task_queues.js:97:5)
33 verbose cwd /home/nkully/projects/greetings-webapp
34 verbose Linux 5.11.0-27-generic
35 verbose argv "/home/nkully/.nvm/versions/node/v12.22.4/bin/node" "/home/nkully/.nvm/versions/node/v12.22.4/bin/npm" "install" "mysqljs/mysql"
36 verbose node v12.22.4
37 verbose npm  v7.20.3
38 error code 128
39 error An unknown git error occurred
40 error command git --no-replace-objects ls-remote ssh://git@github.com/mysqljs/mysql.git
41 error ssh: Could not resolve hostname github.com: Temporary failure in name resolution
41 error fatal: Could not read from remote repository.
41 error
41 error Please make sure you have the correct access rights
41 error and the repository exists.
42 verbose exit 128
