0 verbose cli [
0 verbose cli   '/home/nkully/.nvm/versions/node/v12.22.4/bin/node',
0 verbose cli   '/home/nkully/.nvm/versions/node/v12.22.4/bin/npm',
0 verbose cli   'run',
0 verbose cli   'stop-win'
0 verbose cli ]
1 info using npm@7.20.3
2 info using node@v12.22.4
3 timing npm:load:whichnode Completed in 0ms
4 timing config:load:defaults Completed in 2ms
5 timing config:load:file:/home/nkully/.nvm/versions/node/v12.22.4/lib/node_modules/npm/npmrc Completed in 2ms
6 timing config:load:builtin Completed in 3ms
7 timing config:load:cli Completed in 1ms
8 timing config:load:env Completed in 1ms
9 timing config:load:file:/home/nkully/projects/greetings-webapp/.npmrc Completed in 3ms
10 timing config:load:project Completed in 4ms
11 timing config:load:file:/home/nkully/.npmrc Completed in 1ms
12 timing config:load:user Completed in 1ms
13 timing config:load:file:/home/nkully/.nvm/versions/node/v12.22.4/etc/npmrc Completed in 2ms
14 timing config:load:global Completed in 2ms
15 timing config:load:validate Completed in 1ms
16 timing config:load:credentials Completed in 2ms
17 timing config:load:setEnvs Completed in 1ms
18 timing config:load Completed in 18ms
19 timing npm:load:configload Completed in 18ms
20 timing npm:load:setTitle Completed in 0ms
21 timing npm:load:setupLog Completed in 0ms
22 timing config:load:flatten Completed in 9ms
23 timing npm:load:cleanupLog Completed in 2ms
24 timing npm:load:configScope Completed in 0ms
25 timing npm:load:projectScope Completed in 0ms
26 timing npm:load Completed in 32ms
27 timing command:run-script Completed in 7ms
28 verbose stack Error: Missing script: "stop-win"
28 verbose stack
28 verbose stack To see a list of scripts, run:
28 verbose stack   npm run
28 verbose stack     at RunScript.run (/home/nkully/.nvm/versions/node/v12.22.4/lib/node_modules/npm/lib/run-script.js:104:13)
29 verbose cwd /home/nkully/projects/greetings-webapp
30 verbose Linux 5.8.0-63-generic
31 verbose argv "/home/nkully/.nvm/versions/node/v12.22.4/bin/node" "/home/nkully/.nvm/versions/node/v12.22.4/bin/npm" "run" "stop-win"
32 verbose node v12.22.4
33 verbose npm  v7.20.3
34 error Missing script: "stop-win"
34 error
34 error To see a list of scripts, run:
34 error   npm run
35 verbose exit 1
